<?xml version="1.0" encoding="UTF-8"?>
<!-- Generated by org.testng.reporters.JUnitReportReporter -->
<testsuite hostname="Trayambkay" failures="0" tests="1" name="Sonull.MSteamLogin" time="13.224" errors="0" timestamp="2024-04-10T16:27:24 IST" skipped="0">
  <testcase classname="Sonull.MSteamLogin" name="login" time="13.224"/>
</testsuite> <!-- Sonull.MSteamLogin -->
